  [1m[35m (331.6ms)[0m  [1m[35mCREATE DATABASE "prnkstr_sv1_development" ENCODING = 'unicode'[0m
  ↳ /Users/adlanelias/.rvm/rubies/ruby-2.6.2/lib/ruby/gems/2.6.0/gems/rake-12.3.2/lib/rake/task.rb:273
  [1m[35m (300.9ms)[0m  [1m[35mCREATE DATABASE "prnkstr_sv1_test" ENCODING = 'unicode'[0m
  ↳ /Users/adlanelias/.rvm/rubies/ruby-2.6.2/lib/ruby/gems/2.6.0/gems/rake-12.3.2/lib/rake/task.rb:273
  [1m[35m (14.5ms)[0m  [1m[35mCREATE TABLE "schema_migrations" ("version" character varying NOT NULL PRIMARY KEY)[0m
  ↳ /Users/adlanelias/.rvm/rubies/ruby-2.6.2/lib/ruby/gems/2.6.0/gems/rake-12.3.2/lib/rake/task.rb:273
  [1m[35m (2.6ms)[0m  [1m[35mCREATE TABLE "ar_internal_metadata" ("key" character varying NOT NULL PRIMARY KEY, "value" character varying, "created_at" timestamp NOT NULL, "updated_at" timestamp NOT NULL)[0m
  ↳ /Users/adlanelias/.rvm/rubies/ruby-2.6.2/lib/ruby/gems/2.6.0/gems/rake-12.3.2/lib/rake/task.rb:273
  [1m[35m (0.2ms)[0m  [1m[34mSELECT pg_try_advisory_lock(6946963019709413505)[0m
  ↳ /Users/adlanelias/.rvm/rubies/ruby-2.6.2/lib/ruby/gems/2.6.0/gems/rake-12.3.2/lib/rake/task.rb:273
  [1m[35m (0.9ms)[0m  [1m[34mSELECT "schema_migrations"."version" FROM "schema_migrations" ORDER BY "schema_migrations"."version" ASC[0m
  ↳ /Users/adlanelias/.rvm/rubies/ruby-2.6.2/lib/ruby/gems/2.6.0/gems/rake-12.3.2/lib/rake/task.rb:273
Migrating to CreateMasters (20190513035625)
  [1m[35m (0.3ms)[0m  [1m[35mBEGIN[0m
  ↳ /Users/adlanelias/.rvm/rubies/ruby-2.6.2/lib/ruby/gems/2.6.0/gems/rake-12.3.2/lib/rake/task.rb:273
  [1m[35m (5.4ms)[0m  [1m[35mCREATE TABLE "masters" ("id" bigserial primary key, "name" text, "password_digest" text, "slave_id" integer, "admin" boolean, "created_at" timestamp NOT NULL, "updated_at" timestamp NOT NULL)[0m
  ↳ db/migrate/20190513035625_create_masters.rb:3
  [1m[36mActiveRecord::SchemaMigration Create (1.1ms)[0m  [1m[32mINSERT INTO "schema_migrations" ("version") VALUES ($1) RETURNING "version"[0m  [["version", "20190513035625"]]
  ↳ /Users/adlanelias/.rvm/rubies/ruby-2.6.2/lib/ruby/gems/2.6.0/gems/rake-12.3.2/lib/rake/task.rb:273
  [1m[35m (1.2ms)[0m  [1m[35mCOMMIT[0m
  ↳ /Users/adlanelias/.rvm/rubies/ruby-2.6.2/lib/ruby/gems/2.6.0/gems/rake-12.3.2/lib/rake/task.rb:273
Migrating to CreateUsers (20190513035733)
  [1m[35m (1.2ms)[0m  [1m[35mBEGIN[0m
  ↳ /Users/adlanelias/.rvm/rubies/ruby-2.6.2/lib/ruby/gems/2.6.0/gems/rake-12.3.2/lib/rake/task.rb:273
  [1m[35m (5.1ms)[0m  [1m[35mCREATE TABLE "users" ("id" bigserial primary key, "name" text, "fill_murray" boolean, "place_cage" boolean, "custom_header" boolean, "custom_header_text" text, "created_at" timestamp NOT NULL, "updated_at" timestamp NOT NULL)[0m
  ↳ db/migrate/20190513035733_create_users.rb:3
  [1m[36mActiveRecord::SchemaMigration Create (1.3ms)[0m  [1m[32mINSERT INTO "schema_migrations" ("version") VALUES ($1) RETURNING "version"[0m  [["version", "20190513035733"]]
  ↳ /Users/adlanelias/.rvm/rubies/ruby-2.6.2/lib/ruby/gems/2.6.0/gems/rake-12.3.2/lib/rake/task.rb:273
  [1m[35m (6.9ms)[0m  [1m[35mCOMMIT[0m
  ↳ /Users/adlanelias/.rvm/rubies/ruby-2.6.2/lib/ruby/gems/2.6.0/gems/rake-12.3.2/lib/rake/task.rb:273
  [1m[36mActiveRecord::InternalMetadata Load (1.1ms)[0m  [1m[34mSELECT  "ar_internal_metadata".* FROM "ar_internal_metadata" WHERE "ar_internal_metadata"."key" = $1 LIMIT $2[0m  [["key", "environment"], ["LIMIT", 1]]
  ↳ /Users/adlanelias/.rvm/rubies/ruby-2.6.2/lib/ruby/gems/2.6.0/gems/rake-12.3.2/lib/rake/task.rb:273
  [1m[35m (0.2ms)[0m  [1m[35mBEGIN[0m
  ↳ /Users/adlanelias/.rvm/rubies/ruby-2.6.2/lib/ruby/gems/2.6.0/gems/rake-12.3.2/lib/rake/task.rb:273
  [1m[36mActiveRecord::InternalMetadata Create (0.6ms)[0m  [1m[32mINSERT INTO "ar_internal_metadata" ("key", "value", "created_at", "updated_at") VALUES ($1, $2, $3, $4) RETURNING "key"[0m  [["key", "environment"], ["value", "development"], ["created_at", "2019-05-13 03:57:47.042529"], ["updated_at", "2019-05-13 03:57:47.042529"]]
  ↳ /Users/adlanelias/.rvm/rubies/ruby-2.6.2/lib/ruby/gems/2.6.0/gems/rake-12.3.2/lib/rake/task.rb:273
  [1m[35m (0.4ms)[0m  [1m[35mCOMMIT[0m
  ↳ /Users/adlanelias/.rvm/rubies/ruby-2.6.2/lib/ruby/gems/2.6.0/gems/rake-12.3.2/lib/rake/task.rb:273
  [1m[35m (0.5ms)[0m  [1m[34mSELECT pg_advisory_unlock(6946963019709413505)[0m
  ↳ /Users/adlanelias/.rvm/rubies/ruby-2.6.2/lib/ruby/gems/2.6.0/gems/rake-12.3.2/lib/rake/task.rb:273
  [1m[35m (0.3ms)[0m  [1m[34mSELECT "schema_migrations"."version" FROM "schema_migrations" ORDER BY "schema_migrations"."version" ASC[0m
  ↳ /Users/adlanelias/.rvm/rubies/ruby-2.6.2/lib/ruby/gems/2.6.0/gems/rake-12.3.2/lib/rake/task.rb:273
  [1m[35m (0.9ms)[0m  [1m[34mSELECT "schema_migrations"."version" FROM "schema_migrations" ORDER BY "schema_migrations"."version" ASC[0m
  ↳ /Users/adlanelias/.rvm/gems/ruby-2.6.2/bin/annotate:23
  [1m[35m (1.1ms)[0m  [1m[34mSELECT "schema_migrations"."version" FROM "schema_migrations" ORDER BY "schema_migrations"."version" ASC[0m
  ↳ /Users/adlanelias/.rvm/rubies/ruby-2.6.2/lib/ruby/gems/2.6.0/gems/rake-12.3.2/lib/rake/task.rb:273
  [1m[35m (0.6ms)[0m  [1m[34mSELECT "ar_internal_metadata"."value" FROM "ar_internal_metadata" WHERE "ar_internal_metadata"."key" = $1[0m  [["key", "environment"]]
  ↳ /Users/adlanelias/.rvm/rubies/ruby-2.6.2/lib/ruby/gems/2.6.0/gems/rake-12.3.2/lib/rake/task.rb:273
  [1m[35m (0.4ms)[0m  [1m[34mSELECT "schema_migrations"."version" FROM "schema_migrations" ORDER BY "schema_migrations"."version" ASC[0m
  ↳ /Users/adlanelias/.rvm/rubies/ruby-2.6.2/lib/ruby/gems/2.6.0/gems/rake-12.3.2/lib/rake/task.rb:273
  [1m[35m (0.4ms)[0m  [1m[34mSELECT "ar_internal_metadata"."value" FROM "ar_internal_metadata" WHERE "ar_internal_metadata"."key" = $1[0m  [["key", "environment"]]
  ↳ /Users/adlanelias/.rvm/rubies/ruby-2.6.2/lib/ruby/gems/2.6.0/gems/rake-12.3.2/lib/rake/task.rb:273
  [1m[35m (0.3ms)[0m  [1m[34mSELECT "schema_migrations"."version" FROM "schema_migrations" ORDER BY "schema_migrations"."version" ASC[0m
  ↳ /Users/adlanelias/.rvm/rubies/ruby-2.6.2/lib/ruby/gems/2.6.0/gems/rake-12.3.2/lib/rake/task.rb:273
  [1m[35m (0.3ms)[0m  [1m[34mSELECT "ar_internal_metadata"."value" FROM "ar_internal_metadata" WHERE "ar_internal_metadata"."key" = $1[0m  [["key", "environment"]]
  ↳ /Users/adlanelias/.rvm/rubies/ruby-2.6.2/lib/ruby/gems/2.6.0/gems/rake-12.3.2/lib/rake/task.rb:273
  [1m[35m (132.0ms)[0m  [1m[35mDROP DATABASE IF EXISTS "prnkstr_sv1_development"[0m
  ↳ /Users/adlanelias/.rvm/rubies/ruby-2.6.2/lib/ruby/gems/2.6.0/gems/rake-12.3.2/lib/rake/task.rb:273
  [1m[35m (132.3ms)[0m  [1m[35mDROP DATABASE IF EXISTS "prnkstr_sv1_test"[0m
  ↳ /Users/adlanelias/.rvm/rubies/ruby-2.6.2/lib/ruby/gems/2.6.0/gems/rake-12.3.2/lib/rake/task.rb:273
  [1m[35m (323.4ms)[0m  [1m[35mCREATE DATABASE "prnkstr_sv1_development" ENCODING = 'unicode'[0m
  ↳ /Users/adlanelias/.rvm/rubies/ruby-2.6.2/lib/ruby/gems/2.6.0/gems/rake-12.3.2/lib/rake/task.rb:273
  [1m[35m (277.7ms)[0m  [1m[35mCREATE DATABASE "prnkstr_sv1_test" ENCODING = 'unicode'[0m
  ↳ /Users/adlanelias/.rvm/rubies/ruby-2.6.2/lib/ruby/gems/2.6.0/gems/rake-12.3.2/lib/rake/task.rb:273
  [1m[35m (5.6ms)[0m  [1m[35mCREATE TABLE "schema_migrations" ("version" character varying NOT NULL PRIMARY KEY)[0m
  ↳ /Users/adlanelias/.rvm/rubies/ruby-2.6.2/lib/ruby/gems/2.6.0/gems/rake-12.3.2/lib/rake/task.rb:273
  [1m[35m (3.0ms)[0m  [1m[35mCREATE TABLE "ar_internal_metadata" ("key" character varying NOT NULL PRIMARY KEY, "value" character varying, "created_at" timestamp NOT NULL, "updated_at" timestamp NOT NULL)[0m
  ↳ /Users/adlanelias/.rvm/rubies/ruby-2.6.2/lib/ruby/gems/2.6.0/gems/rake-12.3.2/lib/rake/task.rb:273
  [1m[35m (0.3ms)[0m  [1m[34mSELECT pg_try_advisory_lock(6946963019709413505)[0m
  ↳ /Users/adlanelias/.rvm/rubies/ruby-2.6.2/lib/ruby/gems/2.6.0/gems/rake-12.3.2/lib/rake/task.rb:273
  [1m[35m (0.6ms)[0m  [1m[34mSELECT "schema_migrations"."version" FROM "schema_migrations" ORDER BY "schema_migrations"."version" ASC[0m
  ↳ /Users/adlanelias/.rvm/rubies/ruby-2.6.2/lib/ruby/gems/2.6.0/gems/rake-12.3.2/lib/rake/task.rb:273
Migrating to CreateMasters (20190513035625)
  [1m[35m (0.5ms)[0m  [1m[35mBEGIN[0m
  ↳ /Users/adlanelias/.rvm/rubies/ruby-2.6.2/lib/ruby/gems/2.6.0/gems/rake-12.3.2/lib/rake/task.rb:273
  [1m[35m (8.9ms)[0m  [1m[35mCREATE TABLE "masters" ("id" bigserial primary key, "name" text, "password_digest" text, "slave_id" integer, "admin" boolean, "created_at" timestamp NOT NULL, "updated_at" timestamp NOT NULL)[0m
  ↳ db/migrate/20190513035625_create_masters.rb:3
  [1m[36mActiveRecord::SchemaMigration Create (0.7ms)[0m  [1m[32mINSERT INTO "schema_migrations" ("version") VALUES ($1) RETURNING "version"[0m  [["version", "20190513035625"]]
  ↳ /Users/adlanelias/.rvm/rubies/ruby-2.6.2/lib/ruby/gems/2.6.0/gems/rake-12.3.2/lib/rake/task.rb:273
  [1m[35m (0.7ms)[0m  [1m[35mCOMMIT[0m
  ↳ /Users/adlanelias/.rvm/rubies/ruby-2.6.2/lib/ruby/gems/2.6.0/gems/rake-12.3.2/lib/rake/task.rb:273
Migrating to CreateUsers (20190513035733)
  [1m[35m (0.2ms)[0m  [1m[35mBEGIN[0m
  ↳ /Users/adlanelias/.rvm/rubies/ruby-2.6.2/lib/ruby/gems/2.6.0/gems/rake-12.3.2/lib/rake/task.rb:273
  [1m[35m (5.8ms)[0m  [1m[35mCREATE TABLE "users" ("id" bigserial primary key, "name" text, "fill_murray" boolean DEFAULT FALSE, "place_cage" boolean DEFAULT FALSE, "custom_header" boolean DEFAULT FALSE, "custom_header_text" text DEFAULT 'Hello World', "created_at" timestamp NOT NULL, "updated_at" timestamp NOT NULL)[0m
  ↳ db/migrate/20190513035733_create_users.rb:3
  [1m[36mActiveRecord::SchemaMigration Create (1.4ms)[0m  [1m[32mINSERT INTO "schema_migrations" ("version") VALUES ($1) RETURNING "version"[0m  [["version", "20190513035733"]]
  ↳ /Users/adlanelias/.rvm/rubies/ruby-2.6.2/lib/ruby/gems/2.6.0/gems/rake-12.3.2/lib/rake/task.rb:273
  [1m[35m (1.2ms)[0m  [1m[35mCOMMIT[0m
  ↳ /Users/adlanelias/.rvm/rubies/ruby-2.6.2/lib/ruby/gems/2.6.0/gems/rake-12.3.2/lib/rake/task.rb:273
  [1m[36mActiveRecord::InternalMetadata Load (1.3ms)[0m  [1m[34mSELECT  "ar_internal_metadata".* FROM "ar_internal_metadata" WHERE "ar_internal_metadata"."key" = $1 LIMIT $2[0m  [["key", "environment"], ["LIMIT", 1]]
  ↳ /Users/adlanelias/.rvm/rubies/ruby-2.6.2/lib/ruby/gems/2.6.0/gems/rake-12.3.2/lib/rake/task.rb:273
  [1m[35m (0.2ms)[0m  [1m[35mBEGIN[0m
  ↳ /Users/adlanelias/.rvm/rubies/ruby-2.6.2/lib/ruby/gems/2.6.0/gems/rake-12.3.2/lib/rake/task.rb:273
  [1m[36mActiveRecord::InternalMetadata Create (1.2ms)[0m  [1m[32mINSERT INTO "ar_internal_metadata" ("key", "value", "created_at", "updated_at") VALUES ($1, $2, $3, $4) RETURNING "key"[0m  [["key", "environment"], ["value", "development"], ["created_at", "2019-05-13 03:58:57.849034"], ["updated_at", "2019-05-13 03:58:57.849034"]]
  ↳ /Users/adlanelias/.rvm/rubies/ruby-2.6.2/lib/ruby/gems/2.6.0/gems/rake-12.3.2/lib/rake/task.rb:273
  [1m[35m (1.4ms)[0m  [1m[35mCOMMIT[0m
  ↳ /Users/adlanelias/.rvm/rubies/ruby-2.6.2/lib/ruby/gems/2.6.0/gems/rake-12.3.2/lib/rake/task.rb:273
  [1m[35m (1.8ms)[0m  [1m[34mSELECT pg_advisory_unlock(6946963019709413505)[0m
  ↳ /Users/adlanelias/.rvm/rubies/ruby-2.6.2/lib/ruby/gems/2.6.0/gems/rake-12.3.2/lib/rake/task.rb:273
  [1m[35m (1.0ms)[0m  [1m[34mSELECT "schema_migrations"."version" FROM "schema_migrations" ORDER BY "schema_migrations"."version" ASC[0m
  ↳ /Users/adlanelias/.rvm/rubies/ruby-2.6.2/lib/ruby/gems/2.6.0/gems/rake-12.3.2/lib/rake/task.rb:273
  [1m[35m (0.3ms)[0m  [1m[34mSELECT pg_try_advisory_lock(6946963019709413505)[0m
  ↳ /Users/adlanelias/.rvm/rubies/ruby-2.6.2/lib/ruby/gems/2.6.0/gems/rake-12.3.2/lib/rake/task.rb:273
  [1m[35m (0.9ms)[0m  [1m[34mSELECT "schema_migrations"."version" FROM "schema_migrations" ORDER BY "schema_migrations"."version" ASC[0m
  ↳ /Users/adlanelias/.rvm/rubies/ruby-2.6.2/lib/ruby/gems/2.6.0/gems/rake-12.3.2/lib/rake/task.rb:273
  [1m[36mActiveRecord::InternalMetadata Load (0.6ms)[0m  [1m[34mSELECT  "ar_internal_metadata".* FROM "ar_internal_metadata" WHERE "ar_internal_metadata"."key" = $1 LIMIT $2[0m  [["key", "environment"], ["LIMIT", 1]]
  ↳ /Users/adlanelias/.rvm/rubies/ruby-2.6.2/lib/ruby/gems/2.6.0/gems/rake-12.3.2/lib/rake/task.rb:273
  [1m[35m (0.2ms)[0m  [1m[35mBEGIN[0m
  ↳ /Users/adlanelias/.rvm/rubies/ruby-2.6.2/lib/ruby/gems/2.6.0/gems/rake-12.3.2/lib/rake/task.rb:273
  [1m[35m (0.3ms)[0m  [1m[35mCOMMIT[0m
  ↳ /Users/adlanelias/.rvm/rubies/ruby-2.6.2/lib/ruby/gems/2.6.0/gems/rake-12.3.2/lib/rake/task.rb:273
  [1m[35m (0.3ms)[0m  [1m[34mSELECT pg_advisory_unlock(6946963019709413505)[0m
  ↳ /Users/adlanelias/.rvm/rubies/ruby-2.6.2/lib/ruby/gems/2.6.0/gems/rake-12.3.2/lib/rake/task.rb:273
  [1m[35m (0.5ms)[0m  [1m[34mSELECT "schema_migrations"."version" FROM "schema_migrations" ORDER BY "schema_migrations"."version" ASC[0m
  ↳ /Users/adlanelias/.rvm/rubies/ruby-2.6.2/lib/ruby/gems/2.6.0/gems/rake-12.3.2/lib/rake/task.rb:273
Started GET "/" for ::1 at 2019-05-13 14:02:46 +1000
  [1m[35m (2.6ms)[0m  [1m[34mSELECT "schema_migrations"."version" FROM "schema_migrations" ORDER BY "schema_migrations"."version" ASC[0m
  ↳ /Users/adlanelias/.rvm/gems/ruby-2.6.2/gems/activerecord-5.2.3/lib/active_record/log_subscriber.rb:98
Processing by Rails::WelcomeController#index as HTML
  Rendering /Users/adlanelias/.rvm/gems/ruby-2.6.2/gems/railties-5.2.3/lib/rails/templates/rails/welcome/index.html.erb
  Rendered /Users/adlanelias/.rvm/gems/ruby-2.6.2/gems/railties-5.2.3/lib/rails/templates/rails/welcome/index.html.erb (4.8ms)
Completed 200 OK in 21ms (Views: 14.3ms | ActiveRecord: 0.0ms)


Started GET "/masters" for ::1 at 2019-05-13 14:02:49 +1000
Processing by MastersController#index as HTML
  Rendering masters/index.html.erb within layouts/application
  [1m[36mMaster Load (1.1ms)[0m  [1m[34mSELECT "masters".* FROM "masters"[0m
  ↳ app/views/masters/index.html.erb:17
  Rendered masters/index.html.erb within layouts/application (6.0ms)
Completed 200 OK in 687ms (Views: 666.2ms | ActiveRecord: 2.7ms)


Started GET "/users" for ::1 at 2019-05-13 14:02:52 +1000
Processing by UsersController#index as HTML
  Rendering users/index.html.erb within layouts/application
  [1m[36mUser Load (0.9ms)[0m  [1m[34mSELECT "users".* FROM "users"[0m
  ↳ app/views/users/index.html.erb:18
  Rendered users/index.html.erb within layouts/application (6.0ms)
Completed 200 OK in 29ms (Views: 20.0ms | ActiveRecord: 3.8ms)


Started GET "/users/new" for ::1 at 2019-05-13 14:02:54 +1000
Processing by UsersController#new as HTML
  Rendering users/new.html.erb within layouts/application
  Rendered users/_form.html.erb (30.4ms)
  Rendered users/new.html.erb within layouts/application (33.0ms)
Completed 200 OK in 64ms (Views: 45.1ms | ActiveRecord: 7.7ms)


Started POST "/users" for ::1 at 2019-05-13 14:03:00 +1000
Processing by UsersController#create as HTML
  Parameters: {"utf8"=>"✓", "authenticity_token"=>"TmPxaRH2C9Uuo8EbIJfF2A01wN0SkdT1CIVyeKx8cwqajfbKSObWD9gKEy75XY/fQ//ZSFUfeBmJDGGWNMmGGQ==", "user"=>{"name"=>"Sam", "fill_murray"=>"1", "place_cage"=>"0", "custom_header"=>"0", "custom_header_text"=>"Hello World"}, "commit"=>"Create User"}
  [1m[35m (0.2ms)[0m  [1m[35mBEGIN[0m
  ↳ app/controllers/users_controller.rb:30
  [1m[36mUser Create (1.9ms)[0m  [1m[32mINSERT INTO "users" ("name", "fill_murray", "created_at", "updated_at") VALUES ($1, $2, $3, $4) RETURNING "id"[0m  [["name", "Sam"], ["fill_murray", true], ["created_at", "2019-05-13 04:03:00.497654"], ["updated_at", "2019-05-13 04:03:00.497654"]]
  ↳ app/controllers/users_controller.rb:30
  [1m[35m (0.5ms)[0m  [1m[35mCOMMIT[0m
  ↳ app/controllers/users_controller.rb:30
Redirected to http://localhost:3000/users/1
Completed 302 Found in 9ms (ActiveRecord: 2.6ms)


Started GET "/users/1" for ::1 at 2019-05-13 14:03:00 +1000
Processing by UsersController#show as HTML
  Parameters: {"id"=>"1"}
  [1m[36mUser Load (0.4ms)[0m  [1m[34mSELECT  "users".* FROM "users" WHERE "users"."id" = $1 LIMIT $2[0m  [["id", 1], ["LIMIT", 1]]
  ↳ app/controllers/users_controller.rb:67
  Rendering users/show.html.erb within layouts/application
  Rendered users/show.html.erb within layouts/application (0.7ms)
Completed 200 OK in 19ms (Views: 11.7ms | ActiveRecord: 0.6ms)


Started GET "/users" for ::1 at 2019-05-13 14:03:06 +1000
Processing by UsersController#index as HTML
  Rendering users/index.html.erb within layouts/application
  [1m[36mUser Load (0.3ms)[0m  [1m[34mSELECT "users".* FROM "users"[0m
  ↳ app/views/users/index.html.erb:18
  Rendered users/index.html.erb within layouts/application (1.9ms)
Completed 200 OK in 15ms (Views: 13.0ms | ActiveRecord: 0.3ms)


Started GET "/users/new" for ::1 at 2019-05-13 14:03:27 +1000
Processing by UsersController#new as HTML
  Rendering users/new.html.erb within layouts/application
  Rendered users/_form.html.erb (3.2ms)
  Rendered users/new.html.erb within layouts/application (4.7ms)
Completed 200 OK in 29ms (Views: 26.5ms | ActiveRecord: 0.0ms)


Started POST "/users" for ::1 at 2019-05-13 14:03:39 +1000
Processing by UsersController#create as HTML
  Parameters: {"utf8"=>"✓", "authenticity_token"=>"AF2NVchzyMOZdkem4f2qJzP0wPhabBT/B1G/DA2gkqjUs4r2kWMVGW/flZM4N+AgfT7ZbR3iuBOG2KzilRVnuw==", "user"=>{"name"=>"Tom", "fill_murray"=>"0", "place_cage"=>"1", "custom_header"=>"0", "custom_header_text"=>"Blyat"}, "commit"=>"Create User"}
  [1m[35m (0.5ms)[0m  [1m[35mBEGIN[0m
  ↳ app/controllers/users_controller.rb:30
  [1m[36mUser Create (0.5ms)[0m  [1m[32mINSERT INTO "users" ("name", "place_cage", "custom_header_text", "created_at", "updated_at") VALUES ($1, $2, $3, $4, $5) RETURNING "id"[0m  [["name", "Tom"], ["place_cage", true], ["custom_header_text", "Blyat"], ["created_at", "2019-05-13 04:03:39.110215"], ["updated_at", "2019-05-13 04:03:39.110215"]]
  ↳ app/controllers/users_controller.rb:30
  [1m[35m (2.2ms)[0m  [1m[35mCOMMIT[0m
  ↳ app/controllers/users_controller.rb:30
Redirected to http://localhost:3000/users/2
Completed 302 Found in 9ms (ActiveRecord: 3.2ms)


Started GET "/users/2" for ::1 at 2019-05-13 14:03:39 +1000
Processing by UsersController#show as HTML
  Parameters: {"id"=>"2"}
  [1m[36mUser Load (0.5ms)[0m  [1m[34mSELECT  "users".* FROM "users" WHERE "users"."id" = $1 LIMIT $2[0m  [["id", 2], ["LIMIT", 1]]
  ↳ app/controllers/users_controller.rb:67
  Rendering users/show.html.erb within layouts/application
  Rendered users/show.html.erb within layouts/application (0.8ms)
Completed 200 OK in 23ms (Views: 19.8ms | ActiveRecord: 0.5ms)


Started GET "/users" for ::1 at 2019-05-13 14:03:40 +1000
Processing by UsersController#index as HTML
  Rendering users/index.html.erb within layouts/application
  [1m[36mUser Load (0.3ms)[0m  [1m[34mSELECT "users".* FROM "users"[0m
  ↳ app/views/users/index.html.erb:18
  Rendered users/index.html.erb within layouts/application (2.9ms)
Completed 200 OK in 27ms (Views: 22.3ms | ActiveRecord: 0.3ms)


Started GET "/users" for ::1 at 2019-05-13 14:39:33 +1000
  [1m[35m (1.1ms)[0m  [1m[34mSELECT "schema_migrations"."version" FROM "schema_migrations" ORDER BY "schema_migrations"."version" ASC[0m
  ↳ /Users/adlanelias/.rvm/gems/ruby-2.6.2/gems/activerecord-5.2.3/lib/active_record/log_subscriber.rb:98
Processing by UsersController#index as HTML
  Rendering users/index.html.erb within layouts/application
  [1m[36mUser Load (0.6ms)[0m  [1m[34mSELECT "users".* FROM "users"[0m
  ↳ app/views/users/index.html.erb:18
  Rendered users/index.html.erb within layouts/application (19.2ms)
Completed 200 OK in 301ms (Views: 286.4ms | ActiveRecord: 8.4ms)


Started GET "/users.json" for ::1 at 2019-05-13 14:39:38 +1000
Processing by UsersController#index as JSON
  Rendering users/index.json.jbuilder
  [1m[36mUser Load (0.4ms)[0m  [1m[34mSELECT "users".* FROM "users"[0m
  ↳ app/views/users/index.json.jbuilder:1
  Rendered users/_user.json.jbuilder (0.8ms)
  Rendered users/_user.json.jbuilder (0.3ms)
  Rendered users/index.json.jbuilder (11.9ms)
Completed 200 OK in 18ms (Views: 14.1ms | ActiveRecord: 0.4ms)


Started GET "/users.json" for ::1 at 2019-05-13 15:05:50 +1000
Processing by UsersController#index as JSON
  Rendering users/index.json.jbuilder
  [1m[36mUser Load (1.7ms)[0m  [1m[34mSELECT "users".* FROM "users"[0m
  ↳ app/views/users/index.json.jbuilder:1
  Rendered users/_user.json.jbuilder (2.3ms)
  Rendered users/_user.json.jbuilder (0.2ms)
  Rendered users/index.json.jbuilder (14.7ms)
Completed 200 OK in 23ms (Views: 16.5ms | ActiveRecord: 1.7ms)


Started GET "/users" for ::1 at 2019-05-13 15:05:54 +1000
Processing by UsersController#index as HTML
  Rendering users/index.html.erb within layouts/application
  [1m[36mUser Load (0.3ms)[0m  [1m[34mSELECT "users".* FROM "users"[0m
  ↳ app/views/users/index.html.erb:18
  Rendered users/index.html.erb within layouts/application (4.4ms)
Completed 200 OK in 42ms (Views: 36.9ms | ActiveRecord: 0.3ms)


Started GET "/users/new" for ::1 at 2019-05-13 15:05:56 +1000
Processing by UsersController#new as HTML
  Rendering users/new.html.erb within layouts/application
  Rendered users/_form.html.erb (37.7ms)
  Rendered users/new.html.erb within layouts/application (39.7ms)
Completed 200 OK in 61ms (Views: 58.0ms | ActiveRecord: 0.0ms)


Started POST "/users" for ::1 at 2019-05-13 15:06:03 +1000
Processing by UsersController#create as HTML
  Parameters: {"utf8"=>"✓", "authenticity_token"=>"YOPyAYw9+H1sZXvjTTPPtxR4djfE2dxnKIPyJzYBBde0DfWi1S0lp5rMqdaU+YWwWrJvooNXcIupCuHJrrTwxA==", "user"=>{"name"=>"Adlan", "fill_murray"=>"0", "place_cage"=>"0", "custom_header"=>"1", "custom_header_text"=>"Test"}, "commit"=>"Create User"}
  [1m[35m (0.2ms)[0m  [1m[35mBEGIN[0m
  ↳ app/controllers/users_controller.rb:30
  [1m[36mUser Create (1.8ms)[0m  [1m[32mINSERT INTO "users" ("name", "custom_header", "custom_header_text", "created_at", "updated_at") VALUES ($1, $2, $3, $4, $5) RETURNING "id"[0m  [["name", "Adlan"], ["custom_header", true], ["custom_header_text", "Test"], ["created_at", "2019-05-13 05:06:03.544348"], ["updated_at", "2019-05-13 05:06:03.544348"]]
  ↳ app/controllers/users_controller.rb:30
  [1m[35m (0.6ms)[0m  [1m[35mCOMMIT[0m
  ↳ app/controllers/users_controller.rb:30
Redirected to http://localhost:3000/users/3
Completed 302 Found in 13ms (ActiveRecord: 2.7ms)


Started GET "/users/3" for ::1 at 2019-05-13 15:06:03 +1000
Processing by UsersController#show as HTML
  Parameters: {"id"=>"3"}
  [1m[36mUser Load (0.5ms)[0m  [1m[34mSELECT  "users".* FROM "users" WHERE "users"."id" = $1 LIMIT $2[0m  [["id", 3], ["LIMIT", 1]]
  ↳ app/controllers/users_controller.rb:67
  Rendering users/show.html.erb within layouts/application
  Rendered users/show.html.erb within layouts/application (0.9ms)
Completed 200 OK in 22ms (Views: 14.5ms | ActiveRecord: 0.9ms)


Started GET "/users" for ::1 at 2019-05-13 15:06:08 +1000
Processing by UsersController#index as HTML
  Rendering users/index.html.erb within layouts/application
  [1m[36mUser Load (0.5ms)[0m  [1m[34mSELECT "users".* FROM "users"[0m
  ↳ app/views/users/index.html.erb:18
  Rendered users/index.html.erb within layouts/application (3.8ms)
Completed 200 OK in 25ms (Views: 23.0ms | ActiveRecord: 0.5ms)


Started DELETE "/users/2" for ::1 at 2019-05-13 15:06:15 +1000
Processing by UsersController#destroy as HTML
  Parameters: {"authenticity_token"=>"i7bRLwNhlBhbgEPbBmHW526XDcmx/PfeSi5Isrz+/C0jHdrmflHvrYUt3Z17fV6KIBBjRZpR8PzRbO54F20UHA==", "id"=>"2"}
  [1m[36mUser Load (0.5ms)[0m  [1m[34mSELECT  "users".* FROM "users" WHERE "users"."id" = $1 LIMIT $2[0m  [["id", 2], ["LIMIT", 1]]
  ↳ app/controllers/users_controller.rb:67
  [1m[35m (0.1ms)[0m  [1m[35mBEGIN[0m
  ↳ app/controllers/users_controller.rb:57
  [1m[36mUser Destroy (0.3ms)[0m  [1m[31mDELETE FROM "users" WHERE "users"."id" = $1[0m  [["id", 2]]
  ↳ app/controllers/users_controller.rb:57
  [1m[35m (0.5ms)[0m  [1m[35mCOMMIT[0m
  ↳ app/controllers/users_controller.rb:57
Redirected to http://localhost:3000/users
Completed 302 Found in 6ms (ActiveRecord: 1.5ms)


Started GET "/users" for ::1 at 2019-05-13 15:06:15 +1000
Processing by UsersController#index as HTML
  Rendering users/index.html.erb within layouts/application
  [1m[36mUser Load (0.5ms)[0m  [1m[34mSELECT "users".* FROM "users"[0m
  ↳ app/views/users/index.html.erb:18
  Rendered users/index.html.erb within layouts/application (3.5ms)
Completed 200 OK in 21ms (Views: 19.8ms | ActiveRecord: 0.5ms)


Started GET "/users/new" for ::1 at 2019-05-13 15:06:17 +1000
Processing by UsersController#new as HTML
  Rendering users/new.html.erb within layouts/application
  Rendered users/_form.html.erb (4.0ms)
  Rendered users/new.html.erb within layouts/application (5.3ms)
Completed 200 OK in 24ms (Views: 20.8ms | ActiveRecord: 0.0ms)


Started GET "/users" for ::1 at 2019-05-13 15:06:21 +1000
Processing by UsersController#index as HTML
  Rendering users/index.html.erb within layouts/application
  [1m[36mUser Load (1.0ms)[0m  [1m[34mSELECT "users".* FROM "users"[0m
  ↳ app/views/users/index.html.erb:18
  Rendered users/index.html.erb within layouts/application (3.6ms)
Completed 200 OK in 31ms (Views: 25.8ms | ActiveRecord: 1.0ms)


Started DELETE "/users/3" for ::1 at 2019-05-13 15:06:23 +1000
Processing by UsersController#destroy as HTML
  Parameters: {"authenticity_token"=>"GNbpv9hPYesC4QWhRRgRHIJQzkpozBC6TF9i0AedW/OwfeJ2pX8aXtxMm+c4BJlxzNegxkNhF5jXHcQarA6zwg==", "id"=>"3"}
  [1m[36mUser Load (0.5ms)[0m  [1m[34mSELECT  "users".* FROM "users" WHERE "users"."id" = $1 LIMIT $2[0m  [["id", 3], ["LIMIT", 1]]
  ↳ app/controllers/users_controller.rb:67
  [1m[35m (0.2ms)[0m  [1m[35mBEGIN[0m
  ↳ app/controllers/users_controller.rb:57
  [1m[36mUser Destroy (0.4ms)[0m  [1m[31mDELETE FROM "users" WHERE "users"."id" = $1[0m  [["id", 3]]
  ↳ app/controllers/users_controller.rb:57
  [1m[35m (1.7ms)[0m  [1m[35mCOMMIT[0m
  ↳ app/controllers/users_controller.rb:57
Redirected to http://localhost:3000/users
Completed 302 Found in 6ms (ActiveRecord: 2.7ms)


Started GET "/users" for ::1 at 2019-05-13 15:06:23 +1000
Processing by UsersController#index as HTML
  Rendering users/index.html.erb within layouts/application
  [1m[36mUser Load (0.6ms)[0m  [1m[34mSELECT "users".* FROM "users"[0m
  ↳ app/views/users/index.html.erb:18
  Rendered users/index.html.erb within layouts/application (4.0ms)
Completed 200 OK in 21ms (Views: 19.0ms | ActiveRecord: 0.6ms)


Started GET "/users/new" for ::1 at 2019-05-13 15:06:24 +1000
Processing by UsersController#new as HTML
  Rendering users/new.html.erb within layouts/application
  Rendered users/_form.html.erb (4.0ms)
  Rendered users/new.html.erb within layouts/application (5.5ms)
Completed 200 OK in 33ms (Views: 27.8ms | ActiveRecord: 0.0ms)


Started POST "/users" for ::1 at 2019-05-13 15:06:33 +1000
Processing by UsersController#create as HTML
  Parameters: {"utf8"=>"✓", "authenticity_token"=>"HYqe+oHDiLRmDN/4mjJay208dWTTNLFnxrFupMu5Kk/JZJlZ2NNVbpClDc1D+BDMI/Zs8ZS6HYtHOH1KUwzfXA==", "user"=>{"name"=>"Tom", "fill_murray"=>"0", "place_cage"=>"0", "custom_header"=>"1", "custom_header_text"=>"Test"}, "commit"=>"Create User"}
  [1m[35m (1.9ms)[0m  [1m[35mBEGIN[0m
  ↳ app/controllers/users_controller.rb:30
  [1m[36mUser Create (0.5ms)[0m  [1m[32mINSERT INTO "users" ("name", "custom_header", "custom_header_text", "created_at", "updated_at") VALUES ($1, $2, $3, $4, $5) RETURNING "id"[0m  [["name", "Tom"], ["custom_header", true], ["custom_header_text", "Test"], ["created_at", "2019-05-13 05:06:33.690457"], ["updated_at", "2019-05-13 05:06:33.690457"]]
  ↳ app/controllers/users_controller.rb:30
  [1m[35m (0.5ms)[0m  [1m[35mCOMMIT[0m
  ↳ app/controllers/users_controller.rb:30
Redirected to http://localhost:3000/users/4
Completed 302 Found in 8ms (ActiveRecord: 3.0ms)


Started GET "/users/4" for ::1 at 2019-05-13 15:06:33 +1000
Processing by UsersController#show as HTML
  Parameters: {"id"=>"4"}
  [1m[36mUser Load (0.9ms)[0m  [1m[34mSELECT  "users".* FROM "users" WHERE "users"."id" = $1 LIMIT $2[0m  [["id", 4], ["LIMIT", 1]]
  ↳ app/controllers/users_controller.rb:67
  Rendering users/show.html.erb within layouts/application
  Rendered users/show.html.erb within layouts/application (1.2ms)
Completed 200 OK in 26ms (Views: 21.7ms | ActiveRecord: 0.9ms)


Started GET "/users" for ::1 at 2019-05-13 15:06:35 +1000
Processing by UsersController#index as HTML
  Rendering users/index.html.erb within layouts/application
  [1m[36mUser Load (0.3ms)[0m  [1m[34mSELECT "users".* FROM "users"[0m
  ↳ app/views/users/index.html.erb:18
  Rendered users/index.html.erb within layouts/application (1.7ms)
Completed 200 OK in 12ms (Views: 10.6ms | ActiveRecord: 0.3ms)


